
2024-07-30 06:24:49.659816  INFO  logger.c:122: logger system(v0.1) start: file:"nbiot.log", level:INFO, maxsize:10KiB

2024-07-30 06:24:49.846208  INFO  nbiot.c:125: Send successful:AT+QLWULDATAEX=13,020025000841C78CE94281FF90,0x0100

2024-07-30 06:24:50.495832  INFO  nbiot.c:175: debug:test:received buffer:AT+CGATT=1
OK

2024-07-30 06:24:55.564285  INFO  nb_at.c:124: signal is:+CSQ:3,99

2024-07-30 06:24:55.787722  INFO  nbiot.c:092: READY!!!!!!
2024-07-30 06:24:56.318589  INFO  nbiot.c:175: debug:test:received buffer:
+NPING:221.229.214.202,56,555

2024-07-30 06:25:00.017802  INFO  nbiot.c:125: Send successful:AT+QLWULDATAEX=13,020025000841C74B044281EFF0,0x0100

2024-07-30 06:25:00.115833  INFO  nbiot.c:175: debug:test:received buffer:AT+QLWULDATAEX=13,020025000841C7
2024-07-30 06:25:00.143834  INFO  nbiot.c:175: debug:test:received buffer:4B044281EFF0,0x0100
OK

2024-07-30 06:25:00.791223  INFO  nbiot.c:175: debug:test:received buffer:
+QLWULDATASTATUS:4

2024-07-30 06:25:10.188993  INFO  nbiot.c:125: Send successful:AT+QLWULDATAEX=13,020025000841C6DD3142814FC8,0x0100

2024-07-30 06:25:10.287153  INFO  nbiot.c:175: debug:test:received buffer:AT+QLWULDATAEX=13,020025000841C6
2024-07-30 06:25:10.315115  INFO  nbiot.c:175: debug:test:received buffer:DD3142814FC8,0x0100
OK

2024-07-30 06:25:11.059560  INFO  nbiot.c:175: debug:test:received buffer:
+QLWULDATASTATUS:4

2024-07-30 06:25:20.360324  INFO  nbiot.c:125: Send successful:AT+QLWULDATAEX=13,020025000841C66F5D428101A8,0x0100

2024-07-30 06:25:20.458311  INFO  nbiot.c:175: debug:test:received buffer:AT+QLWULDATAEX=13,020025000841C6
2024-07-30 06:25:20.486144  INFO  nbiot.c:175: debug:test:received buffer:6F5D428101A8,0x0100
OK

2024-07-30 06:25:20.977409  INFO  nbiot.c:175: debug:test:received buffer:
+QLWULDATASTATUS:4

2024-07-30 06:25:21.111438  INFO  nbiot.c:175: debug:test:received buffer:
+NNMI:8,0622B8009A000101

2024-07-30 06:25:21.111718  INFO  nbiot.c:188: debug:led parser:1
2024-07-30 06:25:21.124691  INFO  nbiot.c:230: Turning LED on
2024-07-30 06:25:25.788157  INFO  nbiot.c:092: READY!!!!!!
2024-07-30 06:25:30.531445  INFO  nbiot.c:125: Send successful:AT+QLWULDATAEX=13,020025000841C617814280D6B0,0x0100

2024-07-30 06:25:30.629487  INFO  nbiot.c:175: debug:test:received buffer:AT+QLWULDATAEX=13,020025000841C6
2024-07-30 06:25:30.657430  INFO  nbiot.c:175: debug:test:received buffer:17814280D6B0,0x0100
OK

2024-07-30 06:25:31.216462  INFO  nbiot.c:175: debug:test:received buffer:
+QLWULDATASTATUS:4

2024-07-30 06:25:40.013381  INFO  nbiot.c:175: debug:test:received buffer:
+NNMI:8,0622B8009B000100

2024-07-30 06:25:40.013727  INFO  nbiot.c:188: debug:led parser:1
2024-07-30 06:25:40.024724  INFO  nbiot.c:235: Turning led Off
2024-07-30 06:25:40.702664  INFO  nbiot.c:125: Send successful:AT+QLWULDATAEX=13,020025000841C5D59C42804240,0x0100

2024-07-30 06:25:40.800764  INFO  nbiot.c:175: debug:test:received buffer:AT+QLWULDATAEX=13,020025000841C5
2024-07-30 06:25:40.828709  INFO  nbiot.c:175: debug:test:received buffer:D59C42804240,0x0100
OK

2024-07-30 06:25:41.509748  INFO  nbiot.c:175: debug:test:received buffer:
+QLWULDATASTATUS:4

2024-07-30 06:25:50.874042  INFO  nbiot.c:125: Send successful:AT+QLWULDATAEX=13,020025000841C551D2428003C0,0x0100

2024-07-30 06:25:50.972015  INFO  nbiot.c:175: debug:test:received buffer:AT+QLWULDATAEX=13,020025000841C5
2024-07-30 06:25:51.000043  INFO  nbiot.c:175: debug:test:received buffer:51D2428003C0,0x0100
OK

2024-07-30 06:25:52.926717  INFO  nbiot.c:175: debug:test:received buffer:
+QLWULDATASTATUS:4

2024-07-30 06:25:55.788620  INFO  nbiot.c:092: READY!!!!!!
2024-07-30 06:25:59.070688  INFO  nbiot.c:175: debug:test:received buffer:
+NNMI:8,0622B8009C000101

2024-07-30 06:25:59.071055  INFO  nbiot.c:188: debug:led parser:1
2024-07-30 06:25:59.072133  INFO  nbiot.c:230: Turning LED on
2024-07-30 06:26:01.045278  INFO  nbiot.c:125: Send successful:AT+QLWULDATAEX=13,020025000841C567C9427FD0D0,0x0100

2024-07-30 06:26:01.143324  INFO  nbiot.c:175: debug:test:received buffer:AT+QLWULDATAEX=13,020025000841C5
2024-07-30 06:26:01.171240  INFO  nbiot.c:175: debug:test:received buffer:67C9427FD0D0,0x0100
OK

2024-07-30 06:26:03.577248  INFO  nbiot.c:175: debug:test:received buffer:
+QLWULDATASTATUS:4

2024-07-30 06:26:11.216475  INFO  nbiot.c:125: Send successful:AT+QLWULDATAEX=13,020025000841C53BDB427E5200,0x0100

2024-07-30 06:26:11.314458  INFO  nbiot.c:175: debug:test:received buffer:AT+QLWULDATAEX=13,020025000841C5
2024-07-30 06:26:11.342439  INFO  nbiot.c:175: debug:test:received buffer:3BDB427E5200,0x0100
OK

2024-07-30 06:26:12.833136  INFO  nbiot.c:175: debug:test:received buffer:
+QLWULDATASTATUS:4

2024-07-30 06:26:14.344280  INFO  nbiot.c:175: debug:test:received buffer:
+NNMI:8,0622B8009D000100

2024-07-30 06:26:14.344574  INFO  nbiot.c:188: debug:led parser:1
2024-07-30 06:26:14.345621  INFO  nbiot.c:235: Turning led Off
2024-07-30 06:26:21.387662  INFO  nbiot.c:125: Send successful:AT+QLWULDATAEX=13,020025000841C53BDB427C7570,0x0100

2024-07-30 06:26:21.485745  INFO  nbiot.c:175: debug:test:received buffer:AT+QLWULDATAEX=13,020025000841C5
2024-07-30 06:26:21.513738  INFO  nbiot.c:175: debug:test:received buffer:3BDB427C7570,0x0100
OK

2024-07-30 06:26:22.433291  INFO  nbiot.c:175: debug:test:received buffer:
+QLWULDATASTATUS:4

2024-07-30 06:26:25.789033  INFO  nbiot.c:092: READY!!!!!!
